h:\bt-game\sourcegameninja\directxgame\demodirectx\debug\vc141.pdb
h:\bt-game\sourcegameninja\directxgame\demodirectx\debug\vc141.idb
h:\bt-game\sourcegameninja\directxgame\demodirectx\debug\stage1scene.nativecodeanalysis.xml
h:\bt-game\sourcegameninja\directxgame\demodirectx\debug\main.nativecodeanalysis.xml
h:\bt-game\sourcegameninja\directxgame\demodirectx\debug\scenemanager.nativecodeanalysis.xml
h:\bt-game\sourcegameninja\directxgame\demodirectx\debug\sprite.nativecodeanalysis.xml
h:\bt-game\sourcegameninja\directxgame\demodirectx\debug\scene.nativecodeanalysis.xml
h:\bt-game\sourcegameninja\directxgame\demodirectx\debug\player.nativecodeanalysis.xml
h:\bt-game\sourcegameninja\directxgame\demodirectx\debug\gametime.nativecodeanalysis.xml
h:\bt-game\sourcegameninja\directxgame\demodirectx\debug\gameglobal.nativecodeanalysis.xml
h:\bt-game\sourcegameninja\directxgame\demodirectx\debug\game.nativecodeanalysis.xml
h:\bt-game\sourcegameninja\directxgame\demodirectx\debug\game.obj
h:\bt-game\sourcegameninja\directxgame\demodirectx\debug\gameglobal.obj
h:\bt-game\sourcegameninja\directxgame\demodirectx\debug\gametime.obj
h:\bt-game\sourcegameninja\directxgame\demodirectx\debug\player.obj
h:\bt-game\sourcegameninja\directxgame\demodirectx\debug\scene.obj
h:\bt-game\sourcegameninja\directxgame\demodirectx\debug\sprite.obj
h:\bt-game\sourcegameninja\directxgame\demodirectx\debug\scenemanager.obj
h:\bt-game\sourcegameninja\directxgame\demodirectx\debug\main.obj
h:\bt-game\sourcegameninja\directxgame\demodirectx\debug\stage1scene.obj
h:\bt-game\sourcegameninja\directxgame\debug\demodirectx.ilk
h:\bt-game\sourcegameninja\directxgame\debug\demodirectx.exe
h:\bt-game\sourcegameninja\directxgame\debug\demodirectx.pdb
h:\bt-game\sourcegameninja\directxgame\demodirectx\debug\nativecodeanalysis.read.1.tlog
h:\bt-game\sourcegameninja\directxgame\demodirectx\debug\vc.nativecodeanalysis.all.xml
h:\bt-game\sourcegameninja\directxgame\demodirectx\debug\demodirectx.tlog\cl.command.1.tlog
h:\bt-game\sourcegameninja\directxgame\demodirectx\debug\demodirectx.tlog\cl.read.1.tlog
h:\bt-game\sourcegameninja\directxgame\demodirectx\debug\demodirectx.tlog\cl.write.1.tlog
h:\bt-game\sourcegameninja\directxgame\demodirectx\debug\demodirectx.tlog\link.command.1.tlog
h:\bt-game\sourcegameninja\directxgame\demodirectx\debug\demodirectx.tlog\link.read.1.tlog
h:\bt-game\sourcegameninja\directxgame\demodirectx\debug\demodirectx.tlog\link.write.1.tlog
